<?xml version="1.0" encoding="UTF-8"?>
<!-- Generated by org.testng.reporters.JUnitXMLReporter -->
<testsuite ignored="0" hostname="DESKTOP-LHQEHTF" failures="2" tests="28" name="Default test" time="74.483" errors="0" timestamp="2022-12-16T18:30:34 IST">
  <testcase classname="libra_Module.Company" name="@BeforeMethod afterMethod" time="0.005">
    <failure type="org.openqa.selenium.NoSuchWindowException" message="no such window: target window already closed
from unknown error: web view not found
  (Session info: chrome=108.0.5359.124)
Build info: version: &amp;apos;4.4.0&amp;apos;, revision: &amp;apos;e5c75ed026a&amp;apos;
System info: host: &amp;apos;DESKTOP-LHQEHTF&amp;apos;, ip: &amp;apos;192.168.29.221&amp;apos;, os.name: &amp;apos;Windows 10&amp;apos;, os.arch: &amp;apos;amd64&amp;apos;, os.version: &amp;apos;10.0&amp;apos;, java.version: &amp;apos;17.0.3&amp;apos;
Driver info: org.openqa.selenium.chrome.ChromeDriver
Command: [27cf96c51e74ce4baf6a64b2067706dd, get {url=https://qe-libra.vakilsearch.com}]
Capabilities {acceptInsecureCerts: false, browserName: chrome, browserVersion: 108.0.5359.124, chrome: {chromedriverVersion: 108.0.5359.71 (1e0e3868ee06..., userDataDir: C:\Users\VAKILS~1\AppData\L...}, goog:chromeOptions: {debuggerAddress: localhost:53351}, networkConnectionEnabled: false, pageLoadStrategy: normal, platformName: WINDOWS, proxy: Proxy(), se:cdp: ws://localhost:53351/devtoo..., se:cdpVersion: 108.0.5359.124, setWindowRect: true, strictFileInteractability: false, timeouts: {implicit: 0, pageLoad: 300000, script: 30000}, unhandledPromptBehavior: dismiss and notify, webauthn:extension:credBlob: true, webauthn:extension:largeBlob: true, webauthn:virtualAuthenticators: true}
Session ID: 27cf96c51e74ce4baf6a64b2067706dd">
      <![CDATA[org.openqa.selenium.NoSuchWindowException: no such window: target window already closed
from unknown error: web view not found
  (Session info: chrome=108.0.5359.124)
Build info: version: '4.4.0', revision: 'e5c75ed026a'
System info: host: 'DESKTOP-LHQEHTF', ip: '192.168.29.221', os.name: 'Windows 10', os.arch: 'amd64', os.version: '10.0', java.version: '17.0.3'
Driver info: org.openqa.selenium.chrome.ChromeDriver
Command: [27cf96c51e74ce4baf6a64b2067706dd, get {url=https://qe-libra.vakilsearch.com}]
Capabilities {acceptInsecureCerts: false, browserName: chrome, browserVersion: 108.0.5359.124, chrome: {chromedriverVersion: 108.0.5359.71 (1e0e3868ee06..., userDataDir: C:\Users\VAKILS~1\AppData\L...}, goog:chromeOptions: {debuggerAddress: localhost:53351}, networkConnectionEnabled: false, pageLoadStrategy: normal, platformName: WINDOWS, proxy: Proxy(), se:cdp: ws://localhost:53351/devtoo..., se:cdpVersion: 108.0.5359.124, setWindowRect: true, strictFileInteractability: false, timeouts: {implicit: 0, pageLoad: 300000, script: 30000}, unhandledPromptBehavior: dismiss and notify, webauthn:extension:credBlob: true, webauthn:extension:largeBlob: true, webauthn:virtualAuthenticators: true}
Session ID: 27cf96c51e74ce4baf6a64b2067706dd
at java.base/jdk.internal.reflect.NativeConstructorAccessorImpl.newInstance0(Native Method)
at java.base/jdk.internal.reflect.NativeConstructorAccessorImpl.newInstance(NativeConstructorAccessorImpl.java:77)
at java.base/jdk.internal.reflect.DelegatingConstructorAccessorImpl.newInstance(DelegatingConstructorAccessorImpl.java:45)
at java.base/java.lang.reflect.Constructor.newInstanceWithCaller(Constructor.java:499)
at java.base/java.lang.reflect.Constructor.newInstance(Constructor.java:480)
at org.openqa.selenium.remote.codec.w3c.W3CHttpResponseCodec.createException(W3CHttpResponseCodec.java:200)
at org.openqa.selenium.remote.codec.w3c.W3CHttpResponseCodec.decode(W3CHttpResponseCodec.java:133)
at org.openqa.selenium.remote.codec.w3c.W3CHttpResponseCodec.decode(W3CHttpResponseCodec.java:53)
at org.openqa.selenium.remote.HttpCommandExecutor.execute(HttpCommandExecutor.java:184)
at org.openqa.selenium.remote.service.DriverCommandExecutor.invokeExecute(DriverCommandExecutor.java:167)
at org.openqa.selenium.remote.service.DriverCommandExecutor.execute(DriverCommandExecutor.java:142)
at org.openqa.selenium.remote.RemoteWebDriver.execute(RemoteWebDriver.java:547)
at org.openqa.selenium.remote.RemoteWebDriver.get(RemoteWebDriver.java:310)
at libra_Module.Company.afterMethod(Company.java:61)
at java.base/jdk.internal.reflect.NativeMethodAccessorImpl.invoke0(Native Method)
at java.base/jdk.internal.reflect.NativeMethodAccessorImpl.invoke(NativeMethodAccessorImpl.java:77)
at java.base/jdk.internal.reflect.DelegatingMethodAccessorImpl.invoke(DelegatingMethodAccessorImpl.java:43)
at java.base/java.lang.reflect.Method.invoke(Method.java:568)
at org.testng.internal.MethodInvocationHelper.invokeMethod(MethodInvocationHelper.java:133)
at org.testng.internal.MethodInvocationHelper.invokeMethodConsideringTimeout(MethodInvocationHelper.java:62)
at org.testng.internal.ConfigInvoker.invokeConfigurationMethod(ConfigInvoker.java:385)
at org.testng.internal.ConfigInvoker.invokeConfigurations(ConfigInvoker.java:321)
at org.testng.internal.TestInvoker.runConfigMethods(TestInvoker.java:700)
at org.testng.internal.TestInvoker.invokeMethod(TestInvoker.java:527)
at org.testng.internal.TestInvoker.invokeTestMethod(TestInvoker.java:173)
at org.testng.internal.MethodRunner.runInSequence(MethodRunner.java:46)
at org.testng.internal.TestInvoker$MethodInvocationAgent.invoke(TestInvoker.java:824)
at org.testng.internal.TestInvoker.invokeTestMethods(TestInvoker.java:146)
at org.testng.internal.TestMethodWorker.invokeTestMethods(TestMethodWorker.java:146)
at org.testng.internal.TestMethodWorker.run(TestMethodWorker.java:128)
at java.base/java.util.ArrayList.forEach(ArrayList.java:1511)
at org.testng.TestRunner.privateRun(TestRunner.java:794)
at org.testng.TestRunner.run(TestRunner.java:596)
at org.testng.SuiteRunner.runTest(SuiteRunner.java:377)
at org.testng.SuiteRunner.runSequentially(SuiteRunner.java:371)
at org.testng.SuiteRunner.privateRun(SuiteRunner.java:332)
at org.testng.SuiteRunner.run(SuiteRunner.java:276)
at org.testng.SuiteRunnerWorker.runSuite(SuiteRunnerWorker.java:53)
at org.testng.SuiteRunnerWorker.run(SuiteRunnerWorker.java:96)
at org.testng.TestNG.runSuitesSequentially(TestNG.java:1212)
at org.testng.TestNG.runSuitesLocally(TestNG.java:1134)
at org.testng.TestNG.runSuites(TestNG.java:1063)
at org.testng.TestNG.run(TestNG.java:1031)
at org.testng.remote.AbstractRemoteTestNG.run(AbstractRemoteTestNG.java:115)
at org.testng.remote.RemoteTestNG.initAndRun(RemoteTestNG.java:251)
at org.testng.remote.RemoteTestNG.main(RemoteTestNG.java:77)
]]>
    </failure>
  </testcase> <!-- @BeforeMethod afterMethod -->
  <testcase classname="libra_Module.Company" name="@BeforeMethod afterMethod" time="-1.671195634594E9">
    <skipped/>
  </testcase> <!-- @BeforeMethod afterMethod -->
  <testcase classname="libra_Module.Company" name="@BeforeMethod afterMethod" time="-1.6711956346E9">
    <skipped/>
  </testcase> <!-- @BeforeMethod afterMethod -->
  <testcase classname="libra_Module.Company" name="@BeforeMethod afterMethod" time="-1.671195634608E9">
    <skipped/>
  </testcase> <!-- @BeforeMethod afterMethod -->
  <testcase classname="libra_Module.Company" name="@BeforeMethod afterMethod" time="-1.671195634614E9">
    <skipped/>
  </testcase> <!-- @BeforeMethod afterMethod -->
  <testcase classname="libra_Module.Company" name="@BeforeMethod afterMethod" time="-1.671195634621E9">
    <skipped/>
  </testcase> <!-- @BeforeMethod afterMethod -->
  <testcase classname="libra_Module.Company" name="@BeforeMethod afterMethod" time="-1.671195634629E9">
    <skipped/>
  </testcase> <!-- @BeforeMethod afterMethod -->
  <testcase classname="libra_Module.Company" name="@BeforeMethod afterMethod" time="-1.671195634634E9">
    <skipped/>
  </testcase> <!-- @BeforeMethod afterMethod -->
  <testcase classname="libra_Module.Company" name="@BeforeMethod afterMethod" time="-1.671195634641E9">
    <skipped/>
  </testcase> <!-- @BeforeMethod afterMethod -->
  <testcase classname="libra_Module.Company" name="@BeforeMethod afterMethod" time="-1.671195634647E9">
    <skipped/>
  </testcase> <!-- @BeforeMethod afterMethod -->
  <testcase classname="libra_Module.Company" name="@BeforeMethod afterMethod" time="-1.67119563465E9">
    <skipped/>
  </testcase> <!-- @BeforeMethod afterMethod -->
  <testcase classname="libra_Module.Company" name="@BeforeMethod afterMethod" time="-1.671195634658E9">
    <skipped/>
  </testcase> <!-- @BeforeMethod afterMethod -->
  <testcase classname="libra_Module.Company" name="@BeforeMethod afterMethod" time="-1.671195634664E9">
    <skipped/>
  </testcase> <!-- @BeforeMethod afterMethod -->
  <testcase classname="libra_Module.Company" name="@BeforeMethod afterMethod" time="-1.671195634668E9">
    <skipped/>
  </testcase> <!-- @BeforeMethod afterMethod -->
  <testcase classname="libra_Module.Company" name="@BeforeMethod afterMethod" time="-1.671195634674E9">
    <skipped/>
  </testcase> <!-- @BeforeMethod afterMethod -->
  <testcase classname="libra_Module.Company" name="@BeforeMethod afterMethod" time="-1.67119563468E9">
    <skipped/>
  </testcase> <!-- @BeforeMethod afterMethod -->
  <testcase classname="libra_Module.Company" name="@BeforeMethod afterMethod" time="-1.671195634684E9">
    <skipped/>
  </testcase> <!-- @BeforeMethod afterMethod -->
  <testcase classname="libra_Module.Company" name="@BeforeMethod afterMethod" time="-1.671195634688E9">
    <skipped/>
  </testcase> <!-- @BeforeMethod afterMethod -->
  <testcase classname="libra_Module.Company" name="@BeforeMethod afterMethod" time="-1.671195634696E9">
    <skipped/>
  </testcase> <!-- @BeforeMethod afterMethod -->
  <testcase classname="libra_Module.Company" name="@BeforeMethod afterMethod" time="-1.671195634699E9">
    <skipped/>
  </testcase> <!-- @BeforeMethod afterMethod -->
  <testcase classname="libra_Module.Company" name="@BeforeMethod afterMethod" time="-1.671195634703E9">
    <skipped/>
  </testcase> <!-- @BeforeMethod afterMethod -->
  <testcase classname="libra_Module.Company" name="@BeforeMethod afterMethod" time="-1.67119563471E9">
    <skipped/>
  </testcase> <!-- @BeforeMethod afterMethod -->
  <testcase classname="libra_Module.Company" name="@BeforeMethod afterMethod" time="-1.671195634714E9">
    <skipped/>
  </testcase> <!-- @BeforeMethod afterMethod -->
  <testcase classname="libra_Module.Company" name="@BeforeMethod afterMethod" time="-1.671195634717E9">
    <skipped/>
  </testcase> <!-- @BeforeMethod afterMethod -->
  <testcase classname="libra_Module.Company" name="@BeforeMethod afterMethod" time="-1.671195634722E9">
    <skipped/>
  </testcase> <!-- @BeforeMethod afterMethod -->
  <testcase classname="libra_Module.Company" name="@AfterTest aftertest" time="-1.671195634731E9">
    <skipped/>
  </testcase> <!-- @AfterTest aftertest -->
  <testcase classname="libra_Module.Company" name="test0001_checkLogin" time="3.282"/>
  <testcase classname="libra_Module.Company" name="test0002_checkNullCompanyName" time="60.955">
    <failure type="org.openqa.selenium.NoSuchElementException" message="no such element: Unable to locate element: {&amp;quot;method&amp;quot;:&amp;quot;xpath&amp;quot;,&amp;quot;selector&amp;quot;:&amp;quot;//div[@class=&amp;apos;form-section&amp;apos;]//li[@class=&amp;apos;parsley-required&amp;apos;]&amp;quot;}
  (Session info: chrome=108.0.5359.124)
For documentation on this error, please visit: https://selenium.dev/exceptions/#no_such_element
Build info: version: &amp;apos;4.4.0&amp;apos;, revision: &amp;apos;e5c75ed026a&amp;apos;
System info: host: &amp;apos;DESKTOP-LHQEHTF&amp;apos;, ip: &amp;apos;192.168.29.221&amp;apos;, os.name: &amp;apos;Windows 10&amp;apos;, os.arch: &amp;apos;amd64&amp;apos;, os.version: &amp;apos;10.0&amp;apos;, java.version: &amp;apos;17.0.3&amp;apos;
Driver info: org.openqa.selenium.chrome.ChromeDriver
Command: [27cf96c51e74ce4baf6a64b2067706dd, findElement {using=xpath, value=//div[@class=&amp;apos;form-section&amp;apos;]//li[@class=&amp;apos;parsley-required&amp;apos;]}]
Capabilities {acceptInsecureCerts: false, browserName: chrome, browserVersion: 108.0.5359.124, chrome: {chromedriverVersion: 108.0.5359.71 (1e0e3868ee06..., userDataDir: C:\Users\VAKILS~1\AppData\L...}, goog:chromeOptions: {debuggerAddress: localhost:53351}, networkConnectionEnabled: false, pageLoadStrategy: normal, platformName: WINDOWS, proxy: Proxy(), se:cdp: ws://localhost:53351/devtoo..., se:cdpVersion: 108.0.5359.124, setWindowRect: true, strictFileInteractability: false, timeouts: {implicit: 0, pageLoad: 300000, script: 30000}, unhandledPromptBehavior: dismiss and notify, webauthn:extension:credBlob: true, webauthn:extension:largeBlob: true, webauthn:virtualAuthenticators: true}
Session ID: 27cf96c51e74ce4baf6a64b2067706dd">
      <![CDATA[org.openqa.selenium.NoSuchElementException: no such element: Unable to locate element: {"method":"xpath","selector":"//div[@class='form-section']//li[@class='parsley-required']"}
  (Session info: chrome=108.0.5359.124)
For documentation on this error, please visit: https://selenium.dev/exceptions/#no_such_element
Build info: version: '4.4.0', revision: 'e5c75ed026a'
System info: host: 'DESKTOP-LHQEHTF', ip: '192.168.29.221', os.name: 'Windows 10', os.arch: 'amd64', os.version: '10.0', java.version: '17.0.3'
Driver info: org.openqa.selenium.chrome.ChromeDriver
Command: [27cf96c51e74ce4baf6a64b2067706dd, findElement {using=xpath, value=//div[@class='form-section']//li[@class='parsley-required']}]
Capabilities {acceptInsecureCerts: false, browserName: chrome, browserVersion: 108.0.5359.124, chrome: {chromedriverVersion: 108.0.5359.71 (1e0e3868ee06..., userDataDir: C:\Users\VAKILS~1\AppData\L...}, goog:chromeOptions: {debuggerAddress: localhost:53351}, networkConnectionEnabled: false, pageLoadStrategy: normal, platformName: WINDOWS, proxy: Proxy(), se:cdp: ws://localhost:53351/devtoo..., se:cdpVersion: 108.0.5359.124, setWindowRect: true, strictFileInteractability: false, timeouts: {implicit: 0, pageLoad: 300000, script: 30000}, unhandledPromptBehavior: dismiss and notify, webauthn:extension:credBlob: true, webauthn:extension:largeBlob: true, webauthn:virtualAuthenticators: true}
Session ID: 27cf96c51e74ce4baf6a64b2067706dd
at java.base/jdk.internal.reflect.NativeConstructorAccessorImpl.newInstance0(Native Method)
at java.base/jdk.internal.reflect.NativeConstructorAccessorImpl.newInstance(NativeConstructorAccessorImpl.java:77)
at java.base/jdk.internal.reflect.DelegatingConstructorAccessorImpl.newInstance(DelegatingConstructorAccessorImpl.java:45)
at java.base/java.lang.reflect.Constructor.newInstanceWithCaller(Constructor.java:499)
at java.base/java.lang.reflect.Constructor.newInstance(Constructor.java:480)
at org.openqa.selenium.remote.codec.w3c.W3CHttpResponseCodec.createException(W3CHttpResponseCodec.java:200)
at org.openqa.selenium.remote.codec.w3c.W3CHttpResponseCodec.decode(W3CHttpResponseCodec.java:133)
at org.openqa.selenium.remote.codec.w3c.W3CHttpResponseCodec.decode(W3CHttpResponseCodec.java:53)
at org.openqa.selenium.remote.HttpCommandExecutor.execute(HttpCommandExecutor.java:184)
at org.openqa.selenium.remote.service.DriverCommandExecutor.invokeExecute(DriverCommandExecutor.java:167)
at org.openqa.selenium.remote.service.DriverCommandExecutor.execute(DriverCommandExecutor.java:142)
at org.openqa.selenium.remote.RemoteWebDriver.execute(RemoteWebDriver.java:547)
at org.openqa.selenium.remote.ElementLocation$ElementFinder$2.findElement(ElementLocation.java:162)
at org.openqa.selenium.remote.ElementLocation.findElement(ElementLocation.java:60)
at org.openqa.selenium.remote.RemoteWebDriver.findElement(RemoteWebDriver.java:365)
at org.openqa.selenium.remote.RemoteWebDriver.findElement(RemoteWebDriver.java:357)
at selenium_module_Test.ComFun.stringComparion(ComFun.java:62)
at libra_Test.CompanyTest.NullCompanyName(CompanyTest.java:38)
at libra_Module.Company.test0002_checkNullCompanyName(Company.java:75)
at java.base/jdk.internal.reflect.NativeMethodAccessorImpl.invoke0(Native Method)
at java.base/jdk.internal.reflect.NativeMethodAccessorImpl.invoke(NativeMethodAccessorImpl.java:77)
at java.base/jdk.internal.reflect.DelegatingMethodAccessorImpl.invoke(DelegatingMethodAccessorImpl.java:43)
at java.base/java.lang.reflect.Method.invoke(Method.java:568)
at org.testng.internal.MethodInvocationHelper.invokeMethod(MethodInvocationHelper.java:133)
at org.testng.internal.TestInvoker.invokeMethod(TestInvoker.java:598)
at org.testng.internal.TestInvoker.invokeTestMethod(TestInvoker.java:173)
at org.testng.internal.MethodRunner.runInSequence(MethodRunner.java:46)
at org.testng.internal.TestInvoker$MethodInvocationAgent.invoke(TestInvoker.java:824)
at org.testng.internal.TestInvoker.invokeTestMethods(TestInvoker.java:146)
at org.testng.internal.TestMethodWorker.invokeTestMethods(TestMethodWorker.java:146)
at org.testng.internal.TestMethodWorker.run(TestMethodWorker.java:128)
at java.base/java.util.ArrayList.forEach(ArrayList.java:1511)
at org.testng.TestRunner.privateRun(TestRunner.java:794)
at org.testng.TestRunner.run(TestRunner.java:596)
at org.testng.SuiteRunner.runTest(SuiteRunner.java:377)
at org.testng.SuiteRunner.runSequentially(SuiteRunner.java:371)
at org.testng.SuiteRunner.privateRun(SuiteRunner.java:332)
at org.testng.SuiteRunner.run(SuiteRunner.java:276)
at org.testng.SuiteRunnerWorker.runSuite(SuiteRunnerWorker.java:53)
at org.testng.SuiteRunnerWorker.run(SuiteRunnerWorker.java:96)
at org.testng.TestNG.runSuitesSequentially(TestNG.java:1212)
at org.testng.TestNG.runSuitesLocally(TestNG.java:1134)
at org.testng.TestNG.runSuites(TestNG.java:1063)
at org.testng.TestNG.run(TestNG.java:1031)
at org.testng.remote.AbstractRemoteTestNG.run(AbstractRemoteTestNG.java:115)
at org.testng.remote.RemoteTestNG.initAndRun(RemoteTestNG.java:251)
at org.testng.remote.RemoteTestNG.main(RemoteTestNG.java:77)
]]>
    </failure>
  </testcase> <!-- test0002_checkNullCompanyName -->
  <testcase classname="libra_Module.Company" name="test0003_checkInvalidTextEMailCompany" time="4.428">
    <failure type="org.openqa.selenium.NoSuchWindowException" message="no such window: target window already closed
from unknown error: web view not found
  (Session info: chrome=108.0.5359.124)
Build info: version: &amp;apos;4.4.0&amp;apos;, revision: &amp;apos;e5c75ed026a&amp;apos;
System info: host: &amp;apos;DESKTOP-LHQEHTF&amp;apos;, ip: &amp;apos;192.168.29.221&amp;apos;, os.name: &amp;apos;Windows 10&amp;apos;, os.arch: &amp;apos;amd64&amp;apos;, os.version: &amp;apos;10.0&amp;apos;, java.version: &amp;apos;17.0.3&amp;apos;
Driver info: org.openqa.selenium.chrome.ChromeDriver
Command: [27cf96c51e74ce4baf6a64b2067706dd, findElement {using=xpath, value=//*[@class=&amp;apos;parsley-type&amp;apos;]}]
Capabilities {acceptInsecureCerts: false, browserName: chrome, browserVersion: 108.0.5359.124, chrome: {chromedriverVersion: 108.0.5359.71 (1e0e3868ee06..., userDataDir: C:\Users\VAKILS~1\AppData\L...}, goog:chromeOptions: {debuggerAddress: localhost:53351}, networkConnectionEnabled: false, pageLoadStrategy: normal, platformName: WINDOWS, proxy: Proxy(), se:cdp: ws://localhost:53351/devtoo..., se:cdpVersion: 108.0.5359.124, setWindowRect: true, strictFileInteractability: false, timeouts: {implicit: 0, pageLoad: 300000, script: 30000}, unhandledPromptBehavior: dismiss and notify, webauthn:extension:credBlob: true, webauthn:extension:largeBlob: true, webauthn:virtualAuthenticators: true}
Session ID: 27cf96c51e74ce4baf6a64b2067706dd">
      <![CDATA[org.openqa.selenium.NoSuchWindowException: no such window: target window already closed
from unknown error: web view not found
  (Session info: chrome=108.0.5359.124)
Build info: version: '4.4.0', revision: 'e5c75ed026a'
System info: host: 'DESKTOP-LHQEHTF', ip: '192.168.29.221', os.name: 'Windows 10', os.arch: 'amd64', os.version: '10.0', java.version: '17.0.3'
Driver info: org.openqa.selenium.chrome.ChromeDriver
Command: [27cf96c51e74ce4baf6a64b2067706dd, findElement {using=xpath, value=//*[@class='parsley-type']}]
Capabilities {acceptInsecureCerts: false, browserName: chrome, browserVersion: 108.0.5359.124, chrome: {chromedriverVersion: 108.0.5359.71 (1e0e3868ee06..., userDataDir: C:\Users\VAKILS~1\AppData\L...}, goog:chromeOptions: {debuggerAddress: localhost:53351}, networkConnectionEnabled: false, pageLoadStrategy: normal, platformName: WINDOWS, proxy: Proxy(), se:cdp: ws://localhost:53351/devtoo..., se:cdpVersion: 108.0.5359.124, setWindowRect: true, strictFileInteractability: false, timeouts: {implicit: 0, pageLoad: 300000, script: 30000}, unhandledPromptBehavior: dismiss and notify, webauthn:extension:credBlob: true, webauthn:extension:largeBlob: true, webauthn:virtualAuthenticators: true}
Session ID: 27cf96c51e74ce4baf6a64b2067706dd
at java.base/jdk.internal.reflect.NativeConstructorAccessorImpl.newInstance0(Native Method)
at java.base/jdk.internal.reflect.NativeConstructorAccessorImpl.newInstance(NativeConstructorAccessorImpl.java:77)
at java.base/jdk.internal.reflect.DelegatingConstructorAccessorImpl.newInstance(DelegatingConstructorAccessorImpl.java:45)
at java.base/java.lang.reflect.Constructor.newInstanceWithCaller(Constructor.java:499)
at java.base/java.lang.reflect.Constructor.newInstance(Constructor.java:480)
at org.openqa.selenium.remote.codec.w3c.W3CHttpResponseCodec.createException(W3CHttpResponseCodec.java:200)
at org.openqa.selenium.remote.codec.w3c.W3CHttpResponseCodec.decode(W3CHttpResponseCodec.java:133)
at org.openqa.selenium.remote.codec.w3c.W3CHttpResponseCodec.decode(W3CHttpResponseCodec.java:53)
at org.openqa.selenium.remote.HttpCommandExecutor.execute(HttpCommandExecutor.java:184)
at org.openqa.selenium.remote.service.DriverCommandExecutor.invokeExecute(DriverCommandExecutor.java:167)
at org.openqa.selenium.remote.service.DriverCommandExecutor.execute(DriverCommandExecutor.java:142)
at org.openqa.selenium.remote.RemoteWebDriver.execute(RemoteWebDriver.java:547)
at org.openqa.selenium.remote.ElementLocation$ElementFinder$2.findElement(ElementLocation.java:162)
at org.openqa.selenium.remote.ElementLocation.findElement(ElementLocation.java:60)
at org.openqa.selenium.remote.RemoteWebDriver.findElement(RemoteWebDriver.java:365)
at org.openqa.selenium.remote.RemoteWebDriver.findElement(RemoteWebDriver.java:357)
at selenium_module_Test.ComFun.stringComparion(ComFun.java:62)
at libra_Test.CompanyTest.InvalidTextEMailCompany(CompanyTest.java:65)
at libra_Module.Company.test0003_checkInvalidTextEMailCompany(Company.java:82)
at java.base/jdk.internal.reflect.NativeMethodAccessorImpl.invoke0(Native Method)
at java.base/jdk.internal.reflect.NativeMethodAccessorImpl.invoke(NativeMethodAccessorImpl.java:77)
at java.base/jdk.internal.reflect.DelegatingMethodAccessorImpl.invoke(DelegatingMethodAccessorImpl.java:43)
at java.base/java.lang.reflect.Method.invoke(Method.java:568)
at org.testng.internal.MethodInvocationHelper.invokeMethod(MethodInvocationHelper.java:133)
at org.testng.internal.TestInvoker.invokeMethod(TestInvoker.java:598)
at org.testng.internal.TestInvoker.invokeTestMethod(TestInvoker.java:173)
at org.testng.internal.MethodRunner.runInSequence(MethodRunner.java:46)
at org.testng.internal.TestInvoker$MethodInvocationAgent.invoke(TestInvoker.java:824)
at org.testng.internal.TestInvoker.invokeTestMethods(TestInvoker.java:146)
at org.testng.internal.TestMethodWorker.invokeTestMethods(TestMethodWorker.java:146)
at org.testng.internal.TestMethodWorker.run(TestMethodWorker.java:128)
at java.base/java.util.ArrayList.forEach(ArrayList.java:1511)
at org.testng.TestRunner.privateRun(TestRunner.java:794)
at org.testng.TestRunner.run(TestRunner.java:596)
at org.testng.SuiteRunner.runTest(SuiteRunner.java:377)
at org.testng.SuiteRunner.runSequentially(SuiteRunner.java:371)
at org.testng.SuiteRunner.privateRun(SuiteRunner.java:332)
at org.testng.SuiteRunner.run(SuiteRunner.java:276)
at org.testng.SuiteRunnerWorker.runSuite(SuiteRunnerWorker.java:53)
at org.testng.SuiteRunnerWorker.run(SuiteRunnerWorker.java:96)
at org.testng.TestNG.runSuitesSequentially(TestNG.java:1212)
at org.testng.TestNG.runSuitesLocally(TestNG.java:1134)
at org.testng.TestNG.runSuites(TestNG.java:1063)
at org.testng.TestNG.run(TestNG.java:1031)
at org.testng.remote.AbstractRemoteTestNG.run(AbstractRemoteTestNG.java:115)
at org.testng.remote.RemoteTestNG.initAndRun(RemoteTestNG.java:251)
at org.testng.remote.RemoteTestNG.main(RemoteTestNG.java:77)
]]>
    </failure>
  </testcase> <!-- test0003_checkInvalidTextEMailCompany -->
  <testcase classname="libra_Module.Company" name="test0004_checkInvalidNumEMailCompany" time="0.0">
    <skipped/>
  </testcase> <!-- test0004_checkInvalidNumEMailCompany -->
  <testcase classname="libra_Module.Company" name="test0005_checkInvalidSpecharEMailCompany" time="0.0">
    <skipped/>
  </testcase> <!-- test0005_checkInvalidSpecharEMailCompany -->
  <testcase classname="libra_Module.Company" name="test0006_checkInvalidTextWebCompany" time="0.0">
    <skipped/>
  </testcase> <!-- test0006_checkInvalidTextWebCompany -->
  <testcase classname="libra_Module.Company" name="test0007_checkInvalidNumWebCompany" time="0.0">
    <skipped/>
  </testcase> <!-- test0007_checkInvalidNumWebCompany -->
  <testcase classname="libra_Module.Company" name="test0008_checkInvalidSpecCharWebCompany" time="0.0">
    <skipped/>
  </testcase> <!-- test0008_checkInvalidSpecCharWebCompany -->
  <testcase classname="libra_Module.Company" name="test0009_checkInvalidTextMobileCompany" time="0.0">
    <skipped/>
  </testcase> <!-- test0009_checkInvalidTextMobileCompany -->
  <testcase classname="libra_Module.Company" name="test0010_checkShortPhoneNumCompany" time="0.0">
    <skipped/>
  </testcase> <!-- test0010_checkShortPhoneNumCompany -->
  <testcase classname="libra_Module.Company" name="test0011_checkCityNumbersCompany" time="0.0">
    <skipped/>
  </testcase> <!-- test0011_checkCityNumbersCompany -->
  <testcase classname="libra_Module.Company" name="test0012_checkCitySpecCharCompany" time="0.0">
    <skipped/>
  </testcase> <!-- test0012_checkCitySpecCharCompany -->
  <testcase classname="libra_Module.Company" name="test0013_checkCityNumSpecCharTextCompany" time="0.0">
    <skipped/>
  </testcase> <!-- test0013_checkCityNumSpecCharTextCompany -->
  <testcase classname="libra_Module.Company" name="test0014_checkStateNumbersCompany" time="0.0">
    <skipped/>
  </testcase> <!-- test0014_checkStateNumbersCompany -->
  <testcase classname="libra_Module.Company" name="test0015_checkStateSpecCharCompany" time="0.0">
    <skipped/>
  </testcase> <!-- test0015_checkStateSpecCharCompany -->
  <testcase classname="libra_Module.Company" name="test0016_checkStateNumSpecCharTextCompany" time="0.0">
    <skipped/>
  </testcase> <!-- test0016_checkStateNumSpecCharTextCompany -->
  <testcase classname="libra_Module.Company" name="test0017_checkShortPinCompany" time="0.0">
    <skipped/>
  </testcase> <!-- test0017_checkShortPinCompany -->
  <testcase classname="libra_Module.Company" name="test0018_checkNewPersonNameNull" time="0.0">
    <skipped/>
  </testcase> <!-- test0018_checkNewPersonNameNull -->
  <testcase classname="libra_Module.Company" name="test0019_checkNewPersonInvalidTextEmail" time="0.0">
    <skipped/>
  </testcase> <!-- test0019_checkNewPersonInvalidTextEmail -->
  <testcase classname="libra_Module.Company" name="test0020_checkNewPersonInvalidNumberEmail" time="0.0">
    <skipped/>
  </testcase> <!-- test0020_checkNewPersonInvalidNumberEmail -->
  <testcase classname="libra_Module.Company" name="test0021_checkNewPersonInvalidSpecialCharEmail" time="0.0">
    <skipped/>
  </testcase> <!-- test0021_checkNewPersonInvalidSpecialCharEmail -->
  <testcase classname="libra_Module.Company" name="test0022_checkNewPersonInvalidTextMobile" time="0.0">
    <skipped/>
  </testcase> <!-- test0022_checkNewPersonInvalidTextMobile -->
  <testcase classname="libra_Module.Company" name="test0023_checkAddCompWoPerson" time="0.0">
    <skipped/>
  </testcase> <!-- test0023_checkAddCompWoPerson -->
  <testcase classname="libra_Module.Company" name="test0024_checkAddCompWithExPerson" time="0.0">
    <skipped/>
  </testcase> <!-- test0024_checkAddCompWithExPerson -->
  <testcase classname="libra_Module.Company" name="test0025_checkAddCompWithMulExPerson" time="0.0">
    <skipped/>
  </testcase> <!-- test0025_checkAddCompWithMulExPerson -->
  <testcase classname="libra_Module.Company" name="test0026_checkAddCompWithNewPerson" time="0.0">
    <skipped/>
  </testcase> <!-- test0026_checkAddCompWithNewPerson -->
  <testcase classname="libra_Module.Company" name="test0027_checkEditCompFromCard" time="0.0">
    <skipped/>
  </testcase> <!-- test0027_checkEditCompFromCard -->
  <testcase classname="libra_Module.Company" name="test0028_checkEditCompInnerPageEditCompInnerPage" time="0.0">
    <skipped/>
  </testcase> <!-- test0028_checkEditCompInnerPageEditCompInnerPage -->
</testsuite> <!-- Default test -->
