<?xml version="1.0" encoding="UTF-8"?>
<!-- Generated by org.testng.reporters.JUnitReportReporter -->
<testsuite hostname="DESKTOP-LHQEHTF" failures="0" tests="8" name="grc_Module.MenuClicks" time="10.534" errors="1" timestamp="2023-01-05T14:35:26 IST" skipped="0">
  <testcase classname="grc_Module.MenuClicks" name="test01_checkLogin" time="2.343"/>
  <system-out>
    <![CDATA[LOGIN DONE SUCCESSFULLY IN GRC WEB USING THE USERNAME 'automationtest@gmail.com' AND PASSWORD 'Vakil@123'
<b> <font color='#40E314' font size = 4> ==> PASS</font></b> 
]]>
  </system-out>
  <testcase classname="grc_Module.MenuClicks" name="test07_checkMenuClicksPaymentsSubNav" time="0.859"/>
  <system-out>
    <![CDATA[There is no 404,502, server issue, in 'my payment sub navigaiton' pages 
<b> <font color='#40E314' font size = 4> ==> PASS</font></b> 
]]>
  </system-out>
  <testcase classname="grc_Module.MenuClicks" name="test04_checkMenuClicksTopRightDemoVideo" time="1.058">
    <error message="element click intercepted: Element &lt;img class=&quot;styles_playBtn__ZGwPO&quot; src=&quot;https://qe-assets-grc.vakilsearch.com/static/media/playButton.72212e8b0d33f1abbf8c3e54f7c7a7ed.svg&quot; alt=&quot;Watch Demo&quot;&gt; is not clickable at point (1127, 27). Other element would receive the click: &lt;img class=&quot;styles_playBtn__ZGwPO&quot; src=&quot;https://qe-assets-grc.vakilsearch.com/static/media/playButton.72212e8b0d33f1abbf8c3e54f7c7a7ed.svg&quot; alt=&quot;Watch Demo&quot;&gt;
  (Session info: chrome=108.0.5359.125)
Build info: version: &#039;4.4.0&#039;, revision: &#039;e5c75ed026a&#039;
System info: host: &#039;DESKTOP-LHQEHTF&#039;, ip: &#039;192.168.29.221&#039;, os.name: &#039;Windows 10&#039;, os.arch: &#039;amd64&#039;, os.version: &#039;10.0&#039;, java.version: &#039;17.0.3&#039;
Driver info: org.openqa.selenium.chrome.ChromeDriver
Command: [c9c920470caa99f5cac631a1e9d55a4d, clickElement {id=16446831-5855-4920-97f0-0adb0d7e45a3}]
Capabilities {acceptInsecureCerts: false, browserName: chrome, browserVersion: 108.0.5359.125, chrome: {chromedriverVersion: 108.0.5359.71 (1e0e3868ee06..., userDataDir: C:\Users\VAKILS~1\AppData\L...}, goog:chromeOptions: {debuggerAddress: localhost:49263}, networkConnectionEnabled: false, pageLoadStrategy: normal, platformName: WINDOWS, proxy: Proxy(), se:cdp: ws://localhost:49263/devtoo..., se:cdpVersion: 108.0.5359.125, setWindowRect: true, strictFileInteractability: false, timeouts: {implicit: 0, pageLoad: 300000, script: 30000}, unhandledPromptBehavior: dismiss and notify, webauthn:extension:credBlob: true, webauthn:extension:largeBlob: true, webauthn:virtualAuthenticators: true}
Element: [[ChromeDriver: chrome on WINDOWS (c9c920470caa99f5cac631a1e9d55a4d)] -&gt; xpath: //*[@class=&#039;styles_playBtn__ZGwPO&#039;]]
Session ID: c9c920470caa99f5cac631a1e9d55a4d" type="org.openqa.selenium.ElementClickInterceptedException">
      <![CDATA[org.openqa.selenium.ElementClickInterceptedException: element click intercepted: Element <img class="styles_playBtn__ZGwPO" src="https://qe-assets-grc.vakilsearch.com/static/media/playButton.72212e8b0d33f1abbf8c3e54f7c7a7ed.svg" alt="Watch Demo"> is not clickable at point (1127, 27). Other element would receive the click: <img class="styles_playBtn__ZGwPO" src="https://qe-assets-grc.vakilsearch.com/static/media/playButton.72212e8b0d33f1abbf8c3e54f7c7a7ed.svg" alt="Watch Demo">
  (Session info: chrome=108.0.5359.125)
Build info: version: '4.4.0', revision: 'e5c75ed026a'
System info: host: 'DESKTOP-LHQEHTF', ip: '192.168.29.221', os.name: 'Windows 10', os.arch: 'amd64', os.version: '10.0', java.version: '17.0.3'
Driver info: org.openqa.selenium.chrome.ChromeDriver
Command: [c9c920470caa99f5cac631a1e9d55a4d, clickElement {id=16446831-5855-4920-97f0-0adb0d7e45a3}]
Capabilities {acceptInsecureCerts: false, browserName: chrome, browserVersion: 108.0.5359.125, chrome: {chromedriverVersion: 108.0.5359.71 (1e0e3868ee06..., userDataDir: C:\Users\VAKILS~1\AppData\L...}, goog:chromeOptions: {debuggerAddress: localhost:49263}, networkConnectionEnabled: false, pageLoadStrategy: normal, platformName: WINDOWS, proxy: Proxy(), se:cdp: ws://localhost:49263/devtoo..., se:cdpVersion: 108.0.5359.125, setWindowRect: true, strictFileInteractability: false, timeouts: {implicit: 0, pageLoad: 300000, script: 30000}, unhandledPromptBehavior: dismiss and notify, webauthn:extension:credBlob: true, webauthn:extension:largeBlob: true, webauthn:virtualAuthenticators: true}
Element: [[ChromeDriver: chrome on WINDOWS (c9c920470caa99f5cac631a1e9d55a4d)] -> xpath: //*[@class='styles_playBtn__ZGwPO']]
Session ID: c9c920470caa99f5cac631a1e9d55a4d
at java.base/jdk.internal.reflect.NativeConstructorAccessorImpl.newInstance0(Native Method)
at java.base/jdk.internal.reflect.NativeConstructorAccessorImpl.newInstance(NativeConstructorAccessorImpl.java:77)
at java.base/jdk.internal.reflect.DelegatingConstructorAccessorImpl.newInstance(DelegatingConstructorAccessorImpl.java:45)
at java.base/java.lang.reflect.Constructor.newInstanceWithCaller(Constructor.java:499)
at java.base/java.lang.reflect.Constructor.newInstance(Constructor.java:480)
at org.openqa.selenium.remote.codec.w3c.W3CHttpResponseCodec.createException(W3CHttpResponseCodec.java:200)
at org.openqa.selenium.remote.codec.w3c.W3CHttpResponseCodec.decode(W3CHttpResponseCodec.java:133)
at org.openqa.selenium.remote.codec.w3c.W3CHttpResponseCodec.decode(W3CHttpResponseCodec.java:53)
at org.openqa.selenium.remote.HttpCommandExecutor.execute(HttpCommandExecutor.java:184)
at org.openqa.selenium.remote.service.DriverCommandExecutor.invokeExecute(DriverCommandExecutor.java:167)
at org.openqa.selenium.remote.service.DriverCommandExecutor.execute(DriverCommandExecutor.java:142)
at org.openqa.selenium.remote.RemoteWebDriver.execute(RemoteWebDriver.java:547)
at org.openqa.selenium.remote.RemoteWebElement.execute(RemoteWebElement.java:257)
at org.openqa.selenium.remote.RemoteWebElement.click(RemoteWebElement.java:78)
at selenium_module_Test.ComFun.clickByXpath(ComFun.java:86)
at grc_Test.MenuClicksTest.MenuClicksTopRightDemoVideo(MenuClicksTest.java:90)
at grc_Module.MenuClicks.test04_checkMenuClicksTopRightDemoVideo(MenuClicks.java:105)
at java.base/jdk.internal.reflect.NativeMethodAccessorImpl.invoke0(Native Method)
at java.base/jdk.internal.reflect.NativeMethodAccessorImpl.invoke(NativeMethodAccessorImpl.java:77)
at java.base/jdk.internal.reflect.DelegatingMethodAccessorImpl.invoke(DelegatingMethodAccessorImpl.java:43)
at java.base/java.lang.reflect.Method.invoke(Method.java:568)
at org.testng.internal.MethodInvocationHelper.invokeMethod(MethodInvocationHelper.java:133)
at org.testng.internal.TestInvoker.invokeMethod(TestInvoker.java:598)
at org.testng.internal.TestInvoker.invokeTestMethod(TestInvoker.java:173)
at org.testng.internal.MethodRunner.runInSequence(MethodRunner.java:46)
at org.testng.internal.TestInvoker$MethodInvocationAgent.invoke(TestInvoker.java:824)
at org.testng.internal.TestInvoker.invokeTestMethods(TestInvoker.java:146)
at org.testng.internal.TestMethodWorker.invokeTestMethods(TestMethodWorker.java:146)
at org.testng.internal.TestMethodWorker.run(TestMethodWorker.java:128)
at java.base/java.util.ArrayList.forEach(ArrayList.java:1511)
at org.testng.TestRunner.privateRun(TestRunner.java:794)
at org.testng.TestRunner.run(TestRunner.java:596)
at org.testng.SuiteRunner.runTest(SuiteRunner.java:377)
at org.testng.SuiteRunner.runSequentially(SuiteRunner.java:371)
at org.testng.SuiteRunner.privateRun(SuiteRunner.java:332)
at org.testng.SuiteRunner.run(SuiteRunner.java:276)
at org.testng.SuiteRunnerWorker.runSuite(SuiteRunnerWorker.java:53)
at org.testng.SuiteRunnerWorker.run(SuiteRunnerWorker.java:96)
at org.testng.TestNG.runSuitesSequentially(TestNG.java:1212)
at org.testng.TestNG.runSuitesLocally(TestNG.java:1134)
at org.testng.TestNG.runSuites(TestNG.java:1063)
at org.testng.TestNG.run(TestNG.java:1031)
at org.testng.remote.AbstractRemoteTestNG.run(AbstractRemoteTestNG.java:115)
at org.testng.remote.RemoteTestNG.initAndRun(RemoteTestNG.java:251)
at org.testng.remote.RemoteTestNG.main(RemoteTestNG.java:77)
]]>
    </error>
  </testcase> <!-- test04_checkMenuClicksTopRightDemoVideo -->
  <system-out/>
  <testcase classname="grc_Module.MenuClicks" name="test03_checkMenuClicksTopRightQuickNav" time="1.247"/>
  <system-out>
    <![CDATA[The entire case is failed becasue of 'org.openqa.selenium.ElementClickInterceptedException: element click intercepted: Element <span class="">...</span> is not clickable at point (763, 27). Other element would receive the click: <span class="">...</span>
  (Session info: chrome=108.0.5359.125)
Build info: version: '4.4.0', revision: 'e5c75ed026a'
System info: host: 'DESKTOP-LHQEHTF', ip: '192.168.29.221', os.name: 'Windows 10', os.arch: 'amd64', os.version: '10.0', java.version: '17.0.3'
Driver info: org.openqa.selenium.chrome.ChromeDriver
Command: [c9c920470caa99f5cac631a1e9d55a4d, clickElement {id=104881bd-3bfa-4561-a82c-fcb4f8adf985}]
Capabilities {acceptInsecureCerts: false, browserName: chrome, browserVersion: 108.0.5359.125, chrome: {chromedriverVersion: 108.0.5359.71 (1e0e3868ee06..., userDataDir: C:\Users\VAKILS~1\AppData\L...}, goog:chromeOptions: {debuggerAddress: localhost:49263}, networkConnectionEnabled: false, pageLoadStrategy: normal, platformName: WINDOWS, proxy: Proxy(), se:cdp: ws://localhost:49263/devtoo..., se:cdpVersion: 108.0.5359.125, setWindowRect: true, strictFileInteractability: false, timeouts: {implicit: 0, pageLoad: 300000, script: 30000}, unhandledPromptBehavior: dismiss and notify, webauthn:extension:credBlob: true, webauthn:extension:largeBlob: true, webauthn:virtualAuthenticators: true}
Element: [[ChromeDriver: chrome on WINDOWS (c9c920470caa99f5cac631a1e9d55a4d)] -> xpath: //*[@class='styles_header__NyX8e']/div/span[1]]
Session ID: c9c920470caa99f5cac631a1e9d55a4d'
<b> <font color='red' font size = 4> ==> FAIL</font></b> 
]]>
  </system-out>
  <testcase classname="grc_Module.MenuClicks" name="test07_checkMenuClicksMyServices" time="1.346"/>
  <system-out>
    <![CDATA[There is no 404,502, server issue, in 'my payment sub navigaiton' pages 
<b> <font color='#40E314' font size = 4> ==> PASS</font></b> 
]]>
  </system-out>
  <testcase classname="grc_Module.MenuClicks" name="test05_checkMenuClicksTopRightNav" time="1.068"/>
  <system-out>
    <![CDATA[The entire case is failed becasue of 'org.openqa.selenium.ElementClickInterceptedException: element click intercepted: Element <button class="styles_gearBtn__CsWQ4">...</button> is not clickable at point (1173, 27). Other element would receive the click: <img src="https://qe-assets-grc.vakilsearch.com/static/media/gear.6d64786c8994e70e4b54386386611a14.svg" alt="https://qe-assets-grc.vakilsearch.com/static/media/gear.6d64786c8994e70e4b54386386611a14.svg">
  (Session info: chrome=108.0.5359.125)
Build info: version: '4.4.0', revision: 'e5c75ed026a'
System info: host: 'DESKTOP-LHQEHTF', ip: '192.168.29.221', os.name: 'Windows 10', os.arch: 'amd64', os.version: '10.0', java.version: '17.0.3'
Driver info: org.openqa.selenium.chrome.ChromeDriver
Command: [c9c920470caa99f5cac631a1e9d55a4d, clickElement {id=281a449b-2792-4eb2-9a2c-37440c74a64c}]
Capabilities {acceptInsecureCerts: false, browserName: chrome, browserVersion: 108.0.5359.125, chrome: {chromedriverVersion: 108.0.5359.71 (1e0e3868ee06..., userDataDir: C:\Users\VAKILS~1\AppData\L...}, goog:chromeOptions: {debuggerAddress: localhost:49263}, networkConnectionEnabled: false, pageLoadStrategy: normal, platformName: WINDOWS, proxy: Proxy(), se:cdp: ws://localhost:49263/devtoo..., se:cdpVersion: 108.0.5359.125, setWindowRect: true, strictFileInteractability: false, timeouts: {implicit: 0, pageLoad: 300000, script: 30000}, unhandledPromptBehavior: dismiss and notify, webauthn:extension:credBlob: true, webauthn:extension:largeBlob: true, webauthn:virtualAuthenticators: true}
Element: [[ChromeDriver: chrome on WINDOWS (c9c920470caa99f5cac631a1e9d55a4d)] -> xpath: //*[@class='styles_gearBtn__CsWQ4']]
Session ID: c9c920470caa99f5cac631a1e9d55a4d'
<b> <font color='red' font size = 4> ==> FAIL</font></b> 
]]>
  </system-out>
  <testcase classname="grc_Module.MenuClicks" name="test06_checkMenuClicksProfile" time="1.092"/>
  <system-out>
    <![CDATA[The entire case is failed becasue of 'org.openqa.selenium.ElementClickInterceptedException: element click intercepted: Element <button class="styles_myProfile__n+99a">...</button> is not clickable at point (1222, 27). Other element would receive the click: <img src="https://qe-assets-grc.vakilsearch.com/static/media/user.9fedfc0ae8698084e35c8c96e4b34545.svg" alt="User Icon">
  (Session info: chrome=108.0.5359.125)
Build info: version: '4.4.0', revision: 'e5c75ed026a'
System info: host: 'DESKTOP-LHQEHTF', ip: '192.168.29.221', os.name: 'Windows 10', os.arch: 'amd64', os.version: '10.0', java.version: '17.0.3'
Driver info: org.openqa.selenium.chrome.ChromeDriver
Command: [c9c920470caa99f5cac631a1e9d55a4d, clickElement {id=0eae282f-fd19-4ea9-b270-b494082c19d5}]
Capabilities {acceptInsecureCerts: false, browserName: chrome, browserVersion: 108.0.5359.125, chrome: {chromedriverVersion: 108.0.5359.71 (1e0e3868ee06..., userDataDir: C:\Users\VAKILS~1\AppData\L...}, goog:chromeOptions: {debuggerAddress: localhost:49263}, networkConnectionEnabled: false, pageLoadStrategy: normal, platformName: WINDOWS, proxy: Proxy(), se:cdp: ws://localhost:49263/devtoo..., se:cdpVersion: 108.0.5359.125, setWindowRect: true, strictFileInteractability: false, timeouts: {implicit: 0, pageLoad: 300000, script: 30000}, unhandledPromptBehavior: dismiss and notify, webauthn:extension:credBlob: true, webauthn:extension:largeBlob: true, webauthn:virtualAuthenticators: true}
Element: [[ChromeDriver: chrome on WINDOWS (c9c920470caa99f5cac631a1e9d55a4d)] -> xpath: //*[@class='styles_myProfile__n+99a']]
Session ID: c9c920470caa99f5cac631a1e9d55a4d'
<b> <font color='red' font size = 4> ==> FAIL</font></b> 
]]>
  </system-out>
  <testcase classname="grc_Module.MenuClicks" name="test02_checkMenuClicksLeftNav" time="1.521"/>
  <system-out>
    <![CDATA[THERE IS NO 404,502, SERVER ISSUE, IN 'LEFT SIDE NAVIGAITON' PAGES 
<b> <font color='#40E314' font size = 4> ==> PASS</font></b> 
]]>
  </system-out>
</testsuite> <!-- grc_Module.MenuClicks -->
