<?xml version="1.0" encoding="UTF-8"?>
<!-- Generated by org.testng.reporters.JUnitXMLReporter -->
<testsuite ignored="0" hostname="DESKTOP-LHQEHTF" failures="1" tests="38" name="Test" time="117.62" errors="0" timestamp="2022-10-15T22:06:35 IST">
  <testcase classname="Libra.libra_Main_Module.Company" name="@BeforeMethod afterMethod" time="0.005">
    <failure type="org.openqa.selenium.remote.UnreachableBrowserException" message="Error communicating with the remote browser. It may have died.
Build info: version: &amp;apos;4.4.0&amp;apos;, revision: &amp;apos;e5c75ed026a&amp;apos;
System info: host: &amp;apos;DESKTOP-LHQEHTF&amp;apos;, ip: &amp;apos;192.168.29.112&amp;apos;, os.name: &amp;apos;Windows 10&amp;apos;, os.arch: &amp;apos;amd64&amp;apos;, os.version: &amp;apos;10.0&amp;apos;, java.version: &amp;apos;17.0.3&amp;apos;
Driver info: org.openqa.selenium.chrome.ChromeDriver
Command: [7729169e46a4f8c7393042976f8492a3, get {url=https://qe-libra.vakilsearch.com}]
Capabilities {acceptInsecureCerts: false, browserName: chrome, browserVersion: 106.0.5249.119, chrome: {chromedriverVersion: 106.0.5249.61 (511755355844..., userDataDir: C:\Users\VAKILS~1\AppData\L...}, goog:chromeOptions: {debuggerAddress: localhost:51290}, networkConnectionEnabled: false, pageLoadStrategy: normal, platformName: WINDOWS, proxy: Proxy(), se:cdp: ws://localhost:51290/devtoo..., se:cdpVersion: 106.0.5249.119, setWindowRect: true, strictFileInteractability: false, timeouts: {implicit: 0, pageLoad: 300000, script: 30000}, unhandledPromptBehavior: dismiss and notify, webauthn:extension:credBlob: true, webauthn:extension:largeBlob: true, webauthn:virtualAuthenticators: true}
Session ID: 7729169e46a4f8c7393042976f8492a3">
      <![CDATA[org.openqa.selenium.remote.UnreachableBrowserException: Error communicating with the remote browser. It may have died.
Build info: version: '4.4.0', revision: 'e5c75ed026a'
System info: host: 'DESKTOP-LHQEHTF', ip: '192.168.29.112', os.name: 'Windows 10', os.arch: 'amd64', os.version: '10.0', java.version: '17.0.3'
Driver info: org.openqa.selenium.chrome.ChromeDriver
Command: [7729169e46a4f8c7393042976f8492a3, get {url=https://qe-libra.vakilsearch.com}]
Capabilities {acceptInsecureCerts: false, browserName: chrome, browserVersion: 106.0.5249.119, chrome: {chromedriverVersion: 106.0.5249.61 (511755355844..., userDataDir: C:\Users\VAKILS~1\AppData\L...}, goog:chromeOptions: {debuggerAddress: localhost:51290}, networkConnectionEnabled: false, pageLoadStrategy: normal, platformName: WINDOWS, proxy: Proxy(), se:cdp: ws://localhost:51290/devtoo..., se:cdpVersion: 106.0.5249.119, setWindowRect: true, strictFileInteractability: false, timeouts: {implicit: 0, pageLoad: 300000, script: 30000}, unhandledPromptBehavior: dismiss and notify, webauthn:extension:credBlob: true, webauthn:extension:largeBlob: true, webauthn:virtualAuthenticators: true}
Session ID: 7729169e46a4f8c7393042976f8492a3
at org.openqa.selenium.remote.RemoteWebDriver.execute(RemoteWebDriver.java:571)
at org.openqa.selenium.remote.RemoteWebDriver.get(RemoteWebDriver.java:310)
at Libra.libra_Main_Module.Company.afterMethod(Company.java:63)
at java.base/java.util.ArrayList.forEach(ArrayList.java:1511)
Caused by: java.io.UncheckedIOException: java.net.ConnectException: Connection refused: no further information: localhost/[0:0:0:0:0:0:0:1]:54132
at org.openqa.selenium.remote.http.netty.NettyHttpHandler.makeCall(NettyHttpHandler.java:73)
at org.openqa.selenium.remote.http.AddSeleniumUserAgent.lambda$apply$0(AddSeleniumUserAgent.java:42)
at org.openqa.selenium.remote.http.Filter.lambda$andFinally$1(Filter.java:56)
at org.openqa.selenium.remote.http.netty.NettyHttpHandler.execute(NettyHttpHandler.java:49)
at org.openqa.selenium.remote.http.AddSeleniumUserAgent.lambda$apply$0(AddSeleniumUserAgent.java:42)
at org.openqa.selenium.remote.http.Filter.lambda$andFinally$1(Filter.java:56)
at org.openqa.selenium.remote.http.netty.NettyClient.execute(NettyClient.java:98)
at org.openqa.selenium.remote.HttpCommandExecutor.execute(HttpCommandExecutor.java:181)
at org.openqa.selenium.remote.service.DriverCommandExecutor.invokeExecute(DriverCommandExecutor.java:167)
at org.openqa.selenium.remote.service.DriverCommandExecutor.execute(DriverCommandExecutor.java:142)
at org.openqa.selenium.remote.RemoteWebDriver.execute(RemoteWebDriver.java:547)
... 33 more
Caused by: java.net.ConnectException: Connection refused: no further information: localhost/[0:0:0:0:0:0:0:1]:54132
at org.asynchttpclient.netty.channel.NettyConnectListener.onFailure(NettyConnectListener.java:179)
at org.asynchttpclient.netty.channel.NettyChannelConnector$1.onFailure(NettyChannelConnector.java:108)
at org.asynchttpclient.netty.SimpleChannelFutureListener.operationComplete(SimpleChannelFutureListener.java:28)
at org.asynchttpclient.netty.SimpleChannelFutureListener.operationComplete(SimpleChannelFutureListener.java:20)
at io.netty.util.concurrent.DefaultPromise.notifyListener0(DefaultPromise.java:578)
at io.netty.util.concurrent.DefaultPromise.notifyListeners0(DefaultPromise.java:571)
at io.netty.util.concurrent.DefaultPromise.notifyListenersNow(DefaultPromise.java:550)
at io.netty.util.concurrent.DefaultPromise.notifyListeners(DefaultPromise.java:491)
at io.netty.util.concurrent.DefaultPromise.setValue0(DefaultPromise.java:616)
at io.netty.util.concurrent.DefaultPromise.setFailure0(DefaultPromise.java:609)
at io.netty.util.concurrent.DefaultPromise.tryFailure(DefaultPromise.java:117)
at io.netty.channel.nio.AbstractNioChannel$AbstractNioUnsafe.fulfillConnectPromise(AbstractNioChannel.java:321)
at io.netty.channel.nio.AbstractNioChannel$AbstractNioUnsafe.finishConnect(AbstractNioChannel.java:337)
at io.netty.channel.nio.NioEventLoop.processSelectedKey(NioEventLoop.java:710)
at io.netty.channel.nio.NioEventLoop.processSelectedKeysOptimized(NioEventLoop.java:658)
at io.netty.channel.nio.NioEventLoop.processSelectedKeys(NioEventLoop.java:584)
at io.netty.channel.nio.NioEventLoop.run(NioEventLoop.java:496)
at io.netty.util.concurrent.SingleThreadEventExecutor$4.run(SingleThreadEventExecutor.java:997)
at io.netty.util.internal.ThreadExecutorMap$2.run(ThreadExecutorMap.java:74)
at io.netty.util.concurrent.FastThreadLocalRunnable.run(FastThreadLocalRunnable.java:30)
at java.base/java.lang.Thread.run(Thread.java:833)
Caused by: io.netty.channel.AbstractChannel$AnnotatedConnectException: Connection refused: no further information: localhost/[0:0:0:0:0:0:0:1]:54132
Caused by: java.net.ConnectException: Connection refused: no further information
at java.base/sun.nio.ch.Net.pollConnect(Native Method)
at java.base/sun.nio.ch.Net.pollConnectNow(Net.java:672)
at java.base/sun.nio.ch.SocketChannelImpl.finishConnect(SocketChannelImpl.java:946)
at io.netty.channel.socket.nio.NioSocketChannel.doFinishConnect(NioSocketChannel.java:337)
at io.netty.channel.nio.AbstractNioChannel$AbstractNioUnsafe.finishConnect(AbstractNioChannel.java:334)
at io.netty.channel.nio.NioEventLoop.processSelectedKey(NioEventLoop.java:710)
at io.netty.channel.nio.NioEventLoop.processSelectedKeysOptimized(NioEventLoop.java:658)
at io.netty.channel.nio.NioEventLoop.processSelectedKeys(NioEventLoop.java:584)
at io.netty.channel.nio.NioEventLoop.run(NioEventLoop.java:496)
at io.netty.util.concurrent.SingleThreadEventExecutor$4.run(SingleThreadEventExecutor.java:997)
at io.netty.util.internal.ThreadExecutorMap$2.run(ThreadExecutorMap.java:74)
at io.netty.util.concurrent.FastThreadLocalRunnable.run(FastThreadLocalRunnable.java:30)
at java.base/java.lang.Thread.run(Thread.java:833)
... Removed 30 stack frames]]>
    </failure>
  </testcase> <!-- @BeforeMethod afterMethod -->
  <testcase classname="Libra.libra_Main_Module.Company" name="@BeforeMethod afterMethod" time="-1.665851795632E9">
    <skipped/>
  </testcase> <!-- @BeforeMethod afterMethod -->
  <testcase classname="Libra.libra_Main_Module.Company" name="@BeforeMethod afterMethod" time="-1.665851795635E9">
    <skipped/>
  </testcase> <!-- @BeforeMethod afterMethod -->
  <testcase classname="Libra.libra_Main_Module.Company" name="@BeforeMethod afterMethod" time="-1.665851795639E9">
    <skipped/>
  </testcase> <!-- @BeforeMethod afterMethod -->
  <testcase classname="Libra.libra_Main_Module.Company" name="@BeforeMethod afterMethod" time="-1.665851795643E9">
    <skipped/>
  </testcase> <!-- @BeforeMethod afterMethod -->
  <testcase classname="Libra.libra_Main_Module.Company" name="@BeforeMethod afterMethod" time="-1.665851795647E9">
    <skipped/>
  </testcase> <!-- @BeforeMethod afterMethod -->
  <testcase classname="Libra.libra_Main_Module.Company" name="@BeforeMethod afterMethod" time="-1.665851795652E9">
    <skipped/>
  </testcase> <!-- @BeforeMethod afterMethod -->
  <testcase classname="Libra.libra_Main_Module.Company" name="@BeforeMethod afterMethod" time="-1.665851795655E9">
    <skipped/>
  </testcase> <!-- @BeforeMethod afterMethod -->
  <testcase classname="Libra.libra_Main_Module.Company" name="@BeforeMethod afterMethod" time="-1.665851795658E9">
    <skipped/>
  </testcase> <!-- @BeforeMethod afterMethod -->
  <testcase classname="Libra.libra_Main_Module.Company" name="@BeforeMethod afterMethod" time="-1.665851795662E9">
    <skipped/>
  </testcase> <!-- @BeforeMethod afterMethod -->
  <testcase classname="Libra.libra_Main_Module.Company" name="@AfterTest aftertest" time="-1.665851795665E9">
    <skipped/>
  </testcase> <!-- @AfterTest aftertest -->
  <testcase classname="Libra.libra_Main_Module.Login" name="@AfterTest aftertest" time="-1.665851795665E9">
    <skipped/>
  </testcase> <!-- @AfterTest aftertest -->
  <testcase classname="Libra.libra_Main_Module.Login" name="test01_checkNullEmailandPassword" time="0.265"/>
  <testcase classname="Libra.libra_Main_Module.Login" name="test02_checkNullEmail" time="0.245"/>
  <testcase classname="Libra.libra_Main_Module.Login" name="test03_checkPwdNull" time="0.239"/>
  <testcase classname="Libra.libra_Main_Module.Login" name="test04_checkValEmailInvalidPwd" time="0.604"/>
  <testcase classname="Libra.libra_Main_Module.Login" name="test05_checkValEmailLess8CharPwd" time="0.331"/>
  <testcase classname="Libra.libra_Main_Module.Login" name="test06_checkInvalidEmailValPwd" time="0.554"/>
  <testcase classname="Libra.libra_Main_Module.Login" name="test07_checkInvalidEmailLess8CharPwd" time="0.3"/>
  <testcase classname="Libra.libra_Main_Module.Login" name="test08_checkInvalidEmailAndPwd" time="0.519"/>
  <testcase classname="Libra.libra_Main_Module.Login" name="test09_checkLess8CharEmailPwd" time="0.337"/>
  <testcase classname="Libra.libra_Main_Module.Login" name="test10_checkLogin" time="4.062"/>
  <testcase classname="Libra.libra_Main_Module.Company" name="test0001_checkLogin" time="2.863"/>
  <testcase classname="Libra.libra_Main_Module.Company" name="test0002_checkNullCompanyName" time="1.591"/>
  <testcase classname="Libra.libra_Main_Module.Company" name="test0003_checkInvalidTextEMailCompany" time="1.812"/>
  <testcase classname="Libra.libra_Main_Module.Company" name="test0004_checkInvalidNumEMailCompany" time="2.407"/>
  <testcase classname="Libra.libra_Main_Module.Company" name="test0005_checkInvalidSpecharEMailCompany" time="1.828"/>
  <testcase classname="Libra.libra_Main_Module.Company" name="test0006_checkInvalidTextWebCompany" time="2.54"/>
  <testcase classname="Libra.libra_Main_Module.Company" name="test0007_checkInvalidNumWebCompany" time="2.54"/>
  <testcase classname="Libra.libra_Main_Module.Company" name="test0008_checkInvalidSpecCharWebCompany" time="2.543"/>
  <testcase classname="Libra.libra_Main_Module.Company" name="test0009_checkInvalidTextMobileCompany" time="2.54"/>
  <testcase classname="Libra.libra_Main_Module.Company" name="test0010_checkShortPhoneNumCompany" time="2.558"/>
  <testcase classname="Libra.libra_Main_Module.Company" name="test0011_checkCityNumbersCompany" time="2.612"/>
  <testcase classname="Libra.libra_Main_Module.Company" name="test0012_checkCitySpecCharCompany" time="2.492"/>
  <testcase classname="Libra.libra_Main_Module.Company" name="test0013_checkCityNumSpecCharTextCompany" time="2.602"/>
  <testcase classname="Libra.libra_Main_Module.Company" name="test0014_checkStateNumbersCompany" time="2.522"/>
  <testcase classname="Libra.libra_Main_Module.Company" name="test0015_checkStateSpecCharCompany" time="2.498"/>
  <testcase classname="Libra.libra_Main_Module.Company" name="test0016_checkStateNumSpecCharTextCompany" time="2.524"/>
  <testcase classname="Libra.libra_Main_Module.Company" name="test0017_checkShortPinCompany" time="2.649"/>
  <testcase classname="Libra.libra_Main_Module.Company" name="test0018_checkNewPersonNameNull" time="41.915">
    <failure type="org.openqa.selenium.remote.UnreachableBrowserException" message="Error communicating with the remote browser. It may have died.
Build info: version: &amp;apos;4.4.0&amp;apos;, revision: &amp;apos;e5c75ed026a&amp;apos;
System info: host: &amp;apos;DESKTOP-LHQEHTF&amp;apos;, ip: &amp;apos;192.168.29.112&amp;apos;, os.name: &amp;apos;Windows 10&amp;apos;, os.arch: &amp;apos;amd64&amp;apos;, os.version: &amp;apos;10.0&amp;apos;, java.version: &amp;apos;17.0.3&amp;apos;
Driver info: org.openqa.selenium.chrome.ChromeDriver
Command: [7729169e46a4f8c7393042976f8492a3, findElement {using=xpath, value=//*[@class=&amp;apos;parsley-required&amp;apos;]}]
Capabilities {acceptInsecureCerts: false, browserName: chrome, browserVersion: 106.0.5249.119, chrome: {chromedriverVersion: 106.0.5249.61 (511755355844..., userDataDir: C:\Users\VAKILS~1\AppData\L...}, goog:chromeOptions: {debuggerAddress: localhost:51290}, networkConnectionEnabled: false, pageLoadStrategy: normal, platformName: WINDOWS, proxy: Proxy(), se:cdp: ws://localhost:51290/devtoo..., se:cdpVersion: 106.0.5249.119, setWindowRect: true, strictFileInteractability: false, timeouts: {implicit: 0, pageLoad: 300000, script: 30000}, unhandledPromptBehavior: dismiss and notify, webauthn:extension:credBlob: true, webauthn:extension:largeBlob: true, webauthn:virtualAuthenticators: true}
Session ID: 7729169e46a4f8c7393042976f8492a3">
      <![CDATA[org.openqa.selenium.remote.UnreachableBrowserException: Error communicating with the remote browser. It may have died.
Build info: version: '4.4.0', revision: 'e5c75ed026a'
System info: host: 'DESKTOP-LHQEHTF', ip: '192.168.29.112', os.name: 'Windows 10', os.arch: 'amd64', os.version: '10.0', java.version: '17.0.3'
Driver info: org.openqa.selenium.chrome.ChromeDriver
Command: [7729169e46a4f8c7393042976f8492a3, findElement {using=xpath, value=//*[@class='parsley-required']}]
Capabilities {acceptInsecureCerts: false, browserName: chrome, browserVersion: 106.0.5249.119, chrome: {chromedriverVersion: 106.0.5249.61 (511755355844..., userDataDir: C:\Users\VAKILS~1\AppData\L...}, goog:chromeOptions: {debuggerAddress: localhost:51290}, networkConnectionEnabled: false, pageLoadStrategy: normal, platformName: WINDOWS, proxy: Proxy(), se:cdp: ws://localhost:51290/devtoo..., se:cdpVersion: 106.0.5249.119, setWindowRect: true, strictFileInteractability: false, timeouts: {implicit: 0, pageLoad: 300000, script: 30000}, unhandledPromptBehavior: dismiss and notify, webauthn:extension:credBlob: true, webauthn:extension:largeBlob: true, webauthn:virtualAuthenticators: true}
Session ID: 7729169e46a4f8c7393042976f8492a3
at org.openqa.selenium.remote.RemoteWebDriver.execute(RemoteWebDriver.java:571)
at org.openqa.selenium.remote.ElementLocation$ElementFinder$2.findElement(ElementLocation.java:162)
at org.openqa.selenium.remote.ElementLocation.findElement(ElementLocation.java:60)
at org.openqa.selenium.remote.RemoteWebDriver.findElement(RemoteWebDriver.java:365)
at org.openqa.selenium.remote.RemoteWebDriver.findElement(RemoteWebDriver.java:357)
at Libra.Libra_Common_Module.LComFun.stringComparion(LComFun.java:27)
at Libra.libra_Main_Module.TestModules.NewPersonNameNull(TestModules.java:777)
at Libra.libra_Main_Module.Company.test0018_checkNewPersonNameNull(Company.java:189)
at java.base/java.util.ArrayList.forEach(ArrayList.java:1511)
Caused by: java.io.UncheckedIOException: java.net.SocketException: Connection reset
at org.openqa.selenium.remote.http.netty.NettyHttpHandler.makeCall(NettyHttpHandler.java:73)
at org.openqa.selenium.remote.http.AddSeleniumUserAgent.lambda$apply$0(AddSeleniumUserAgent.java:42)
at org.openqa.selenium.remote.http.Filter.lambda$andFinally$1(Filter.java:56)
at org.openqa.selenium.remote.http.netty.NettyHttpHandler.execute(NettyHttpHandler.java:49)
at org.openqa.selenium.remote.http.AddSeleniumUserAgent.lambda$apply$0(AddSeleniumUserAgent.java:42)
at org.openqa.selenium.remote.http.Filter.lambda$andFinally$1(Filter.java:56)
at org.openqa.selenium.remote.http.netty.NettyClient.execute(NettyClient.java:98)
at org.openqa.selenium.remote.HttpCommandExecutor.execute(HttpCommandExecutor.java:181)
at org.openqa.selenium.remote.service.DriverCommandExecutor.invokeExecute(DriverCommandExecutor.java:167)
at org.openqa.selenium.remote.service.DriverCommandExecutor.execute(DriverCommandExecutor.java:142)
at org.openqa.selenium.remote.RemoteWebDriver.execute(RemoteWebDriver.java:547)
... 35 more
Caused by: java.net.SocketException: Connection reset
at java.base/sun.nio.ch.SocketChannelImpl.throwConnectionReset(SocketChannelImpl.java:394)
at java.base/sun.nio.ch.SocketChannelImpl.read(SocketChannelImpl.java:426)
at io.netty.buffer.PooledByteBuf.setBytes(PooledByteBuf.java:258)
at io.netty.buffer.AbstractByteBuf.writeBytes(AbstractByteBuf.java:1132)
at io.netty.channel.socket.nio.NioSocketChannel.doReadBytes(NioSocketChannel.java:357)
at io.netty.channel.nio.AbstractNioByteChannel$NioByteUnsafe.read(AbstractNioByteChannel.java:151)
at io.netty.channel.nio.NioEventLoop.processSelectedKey(NioEventLoop.java:722)
at io.netty.channel.nio.NioEventLoop.processSelectedKeysOptimized(NioEventLoop.java:658)
at io.netty.channel.nio.NioEventLoop.processSelectedKeys(NioEventLoop.java:584)
at io.netty.channel.nio.NioEventLoop.run(NioEventLoop.java:496)
at io.netty.util.concurrent.SingleThreadEventExecutor$4.run(SingleThreadEventExecutor.java:997)
at io.netty.util.internal.ThreadExecutorMap$2.run(ThreadExecutorMap.java:74)
at io.netty.util.concurrent.FastThreadLocalRunnable.run(FastThreadLocalRunnable.java:30)
at java.base/java.lang.Thread.run(Thread.java:833)
... Removed 27 stack frames]]>
    </failure>
  </testcase> <!-- test0018_checkNewPersonNameNull -->
  <testcase classname="Libra.libra_Main_Module.Company" name="test0019_checkNewPersonInvalidTextEmail" time="0.0">
    <skipped/>
  </testcase> <!-- test0019_checkNewPersonInvalidTextEmail -->
  <testcase classname="Libra.libra_Main_Module.Company" name="test0020_checkNewPersonInvalidNumberEmail" time="0.0">
    <skipped/>
  </testcase> <!-- test0020_checkNewPersonInvalidNumberEmail -->
  <testcase classname="Libra.libra_Main_Module.Company" name="test0021_checkNewPersonInvalidSpecialCharEmail" time="0.0">
    <skipped/>
  </testcase> <!-- test0021_checkNewPersonInvalidSpecialCharEmail -->
  <testcase classname="Libra.libra_Main_Module.Company" name="test0022_checkNewPersonInvalidTextMobile" time="0.0">
    <skipped/>
  </testcase> <!-- test0022_checkNewPersonInvalidTextMobile -->
  <testcase classname="Libra.libra_Main_Module.Company" name="test0023_checkAddCompWoPerson" time="0.0">
    <skipped/>
  </testcase> <!-- test0023_checkAddCompWoPerson -->
  <testcase classname="Libra.libra_Main_Module.Company" name="test0024_checkAddCompWithExPerson" time="0.0">
    <skipped/>
  </testcase> <!-- test0024_checkAddCompWithExPerson -->
  <testcase classname="Libra.libra_Main_Module.Company" name="test0025_checkAddCompWithMulExPerson" time="0.0">
    <skipped/>
  </testcase> <!-- test0025_checkAddCompWithMulExPerson -->
  <testcase classname="Libra.libra_Main_Module.Company" name="test0026_checkAddCompWithNewPerson" time="0.0">
    <skipped/>
  </testcase> <!-- test0026_checkAddCompWithNewPerson -->
  <testcase classname="Libra.libra_Main_Module.Company" name="test0027_checkEditCompFromCard" time="0.0">
    <skipped/>
  </testcase> <!-- test0027_checkEditCompFromCard -->
  <testcase classname="Libra.libra_Main_Module.Company" name="test0028_checkEditCompInnerPageEditCompInnerPage" time="0.0">
    <skipped/>
  </testcase> <!-- test0028_checkEditCompInnerPageEditCompInnerPage -->
</testsuite> <!-- Test -->
